<?xml version="1.0" encoding="utf-8"?><testsuites name="pytest tests"><testsuite name="pytest" errors="0" failures="0" skipped="0" tests="21" time="44.238" timestamp="2026-04-29T20:35:24.931333+00:00" hostname="agent-env-f4448cf4-625a-4e9e-96ea-7eecc2091e4b"><testcase classname="backend.tests.test_backend_api.TestHealth" name="test_root" time="0.133" /><testcase classname="backend.tests.test_backend_api.TestAuth" name="test_me_unauth_returns_401" time="0.182" /><testcase classname="backend.tests.test_backend_api.TestAuth" name="test_me_with_bearer" time="0.215" /><testcase classname="backend.tests.test_backend_api.TestAuth" name="test_logout_clears_session" time="0.158" /><testcase classname="backend.tests.test_backend_api.TestJobs" name="test_scrape_inserts_and_scores" time="3.899" /><testcase classname="backend.tests.test_backend_api.TestJobs" name="test_scrape_dedupes" time="3.074" /><testcase classname="backend.tests.test_backend_api.TestJobs" name="test_list_and_get_and_status" time="0.362" /><testcase classname="backend.tests.test_backend_api.TestJobs" name="test_delete_cascades" time="0.402" /><testcase classname="backend.tests.test_backend_api.TestProspects" name="test_find_and_list" time="0.307" /><testcase classname="backend.tests.test_backend_api.TestCampaigns" name="test_email_requires_prospect" time="0.155" /><testcase classname="backend.tests.test_backend_api.TestCampaigns" name="test_generate_email_send_followup_flow" time="11.222" /><testcase classname="backend.tests.test_backend_api.TestCampaigns" name="test_linkedin_generate" time="3.520" /><testcase classname="backend.tests.test_backend_api.TestCampaigns" name="test_linkedin_requires_prospect" time="0.140" /><testcase classname="backend.tests.test_backend_api.TestCampaigns" name="test_invalid_campaign_type" time="0.147" /><testcase classname="backend.tests.test_backend_api.TestCoverLetter" name="test_cover_letter_generates_with_gcs" time="10.610" /><testcase classname="backend.tests.test_backend_api.TestSkills" name="test_aggregate_and_list" time="8.361" /><testcase classname="backend.tests.test_backend_api.TestResumes" name="test_resume_crud_and_default_uniqueness" time="0.513" /><testcase classname="backend.tests.test_backend_api.TestScheduler" name="test_status" time="0.071" /><testcase classname="backend.tests.test_backend_api.TestScheduler" name="test_run_returns_summary" time="0.078" /><testcase classname="backend.tests.test_backend_api.TestDashboard" name="test_summary" time="0.089" /><testcase classname="backend.tests.test_backend_api.TestIsolation" name="test_other_user_cannot_read_or_modify" time="0.572" /></testsuite></testsuites>