<?xml version="1.0" encoding="utf-8"?><testsuites name="pytest tests"><testsuite name="pytest" errors="0" failures="0" skipped="0" tests="62" time="130.324" timestamp="2026-04-30T03:32:35.153821+00:00" hostname="agent-env-f4448cf4-625a-4e9e-96ea-7eecc2091e4b"><testcase classname="tests.test_backend_api.TestHealth" name="test_root" time="0.141" /><testcase classname="tests.test_backend_api.TestAuth" name="test_me_unauth_returns_401" time="0.139" /><testcase classname="tests.test_backend_api.TestAuth" name="test_me_with_bearer" time="0.117" /><testcase classname="tests.test_backend_api.TestAuth" name="test_logout_clears_session" time="0.163" /><testcase classname="tests.test_backend_api.TestJobs" name="test_scrape_inserts_and_scores" time="2.874" /><testcase classname="tests.test_backend_api.TestJobs" name="test_scrape_dedupes" time="3.221" /><testcase classname="tests.test_backend_api.TestJobs" name="test_list_and_get_and_status" time="0.232" /><testcase classname="tests.test_backend_api.TestJobs" name="test_delete_cascades" time="0.240" /><testcase classname="tests.test_backend_api.TestProspects" name="test_find_and_list" time="0.227" /><testcase classname="tests.test_backend_api.TestCampaigns" name="test_email_requires_prospect" time="0.104" /><testcase classname="tests.test_backend_api.TestCampaigns" name="test_generate_email_send_followup_flow" time="9.092" /><testcase classname="tests.test_backend_api.TestCampaigns" name="test_linkedin_generate" time="2.821" /><testcase classname="tests.test_backend_api.TestCampaigns" name="test_linkedin_requires_prospect" time="0.097" /><testcase classname="tests.test_backend_api.TestCampaigns" name="test_invalid_campaign_type" time="0.130" /><testcase classname="tests.test_backend_api.TestCoverLetter" name="test_cover_letter_generates_with_gcs" time="11.814" /><testcase classname="tests.test_backend_api.TestSkills" name="test_aggregate_and_list" time="7.714" /><testcase classname="tests.test_backend_api.TestResumes" name="test_resume_crud_and_default_uniqueness" time="0.330" /><testcase classname="tests.test_backend_api.TestScheduler" name="test_status" time="0.058" /><testcase classname="tests.test_backend_api.TestScheduler" name="test_run_returns_summary" time="0.045" /><testcase classname="tests.test_backend_api.TestDashboard" name="test_summary" time="0.053" /><testcase classname="tests.test_backend_api.TestIsolation" name="test_other_user_cannot_read_or_modify" time="0.402" /><testcase classname="tests.test_backend_ingest_gmail.TestClassifyReply" name="test_ack" time="0.000" /><testcase classname="tests.test_backend_ingest_gmail.TestClassifyReply" name="test_rejected" time="0.000" /><testcase classname="tests.test_backend_ingest_gmail.TestClassifyReply" name="test_progressing" time="0.000" /><testcase classname="tests.test_backend_ingest_gmail.TestClassifyReply" name="test_replied_default" time="0.000" /><testcase classname="tests.test_backend_ingest_gmail.TestJobsIngest" name="test_ingest_empty_returns_400" time="0.095" /><testcase classname="tests.test_backend_ingest_gmail.TestJobsIngest" name="test_ingest_url_inserts_scores_and_canonical_fields" time="2.017" /><testcase classname="tests.test_backend_ingest_gmail.TestJobsIngest" name="test_ingest_url_dup_returns_409" time="2.074" /><testcase classname="tests.test_backend_ingest_gmail.TestJobsIngest" name="test_ingest_paste_extracts_and_scores" time="4.451" /><testcase classname="tests.test_backend_ingest_gmail.TestCanonicalScoredFields" name="test_manual_add_writes_both_legacy_and_canonical" time="1.044" /><testcase classname="tests.test_backend_ingest_gmail.TestCanonicalScoredFields" name="test_rescore_writes_canonical" time="2.076" /><testcase classname="tests.test_backend_ingest_gmail.TestDashboardHighMatch" name="test_jobs_high_match_uses_match_pct" time="0.055" /><testcase classname="tests.test_backend_ingest_gmail.TestGmailEndpoints" name="test_poll_returns_zero_zero" time="0.049" /><testcase classname="tests.test_backend_ingest_gmail.TestGmailEndpoints" name="test_simulate_reply_404_unknown_campaign" time="0.046" /><testcase classname="tests.test_backend_ingest_gmail.TestGmailEndpoints" name="test_simulate_reply_400_invalid_status" time="6.673" /><testcase classname="tests.test_backend_ingest_gmail.TestGmailEndpoints" name="test_simulate_reply_400_when_no_prospect" time="0.048" /><testcase classname="tests.test_backend_ingest_gmail.TestGmailEndpoints" name="test_simulate_reply_rejected_flips_should_apply_prompt" time="6.150" /><testcase classname="tests.test_backend_ingest_gmail.TestGmailEndpoints" name="test_simulate_reply_each_status" time="16.094" /><testcase classname="tests.test_backend_ingest_gmail.TestGmailEndpoints" name="test_simulate_reply_custom_body_classified" time="5.965" /><testcase classname="tests.test_backend_ingest_gmail.TestGmailEndpoints" name="test_replies_listing_user_scoped_and_sorted" time="11.586" /><testcase classname="tests.test_backend_ingest_gmail.TestSettingsGmailPoll" name="test_default_includes_gmail_poll_minutes" time="0.048" /><testcase classname="tests.test_backend_ingest_gmail.TestSettingsGmailPoll" name="test_post_persists_gmail_poll_minutes" time="0.144" /><testcase classname="tests.test_backend_ingest_gmail.TestNewEndpointIsolation" name="test_simulate_reply_other_user_404" time="5.644" /><testcase classname="tests.test_backend_ingest_gmail.TestNewEndpointIsolation" name="test_ingest_unauth_401" time="0.258" /><testcase classname="tests.test_backend_refactor.TestJobsManualAdd" name="test_add_manual_scores_and_upserts_skills" time="1.507" /><testcase classname="tests.test_backend_refactor.TestJobsManualAdd" name="test_add_manual_duplicate_url_returns_409" time="1.174" /><testcase classname="tests.test_backend_refactor.TestRescore" name="test_rescore_updates_and_skills_no_dup_job_id" time="1.861" /><testcase classname="tests.test_backend_refactor.TestRescore" name="test_rescore_unknown_job_404" time="0.051" /><testcase classname="tests.test_backend_refactor.TestCompanyResearch" name="test_research_sets_company_context" time="0.146" /><testcase classname="tests.test_backend_refactor.TestCompanyResearch" name="test_research_unknown_job_404" time="0.045" /><testcase classname="tests.test_backend_refactor.TestInterviewAnswers" name="test_interview_answers_persists" time="18.615" /><testcase classname="tests.test_backend_refactor.TestCampaignReply" name="test_mark_reply_toggle" time="0.168" /><testcase classname="tests.test_backend_refactor.TestCampaignReply" name="test_mark_reply_unknown_404" time="0.047" /><testcase classname="tests.test_backend_refactor.TestSettings" name="test_get_returns_defaults" time="0.054" /><testcase classname="tests.test_backend_refactor.TestSettings" name="test_post_upserts_and_persists" time="0.170" /><testcase classname="tests.test_backend_refactor.TestShouldApplyPrompt" name="test_should_apply_true_when_followup_old_enough" time="0.200" /><testcase classname="tests.test_backend_refactor.TestCascadeDeleteShrinks" name="test_delete_job_shrinks_skills" time="1.176" /><testcase classname="tests.test_backend_refactor.TestCascadeDeleteShrinks" name="test_delete_unknown_job_404" time="0.050" /><testcase classname="tests.test_backend_refactor.TestNewEndpointIsolation" name="test_settings_isolated" time="0.142" /><testcase classname="tests.test_backend_refactor.TestNewEndpointIsolation" name="test_research_other_user_404" time="0.100" /><testcase classname="tests.test_backend_refactor.TestNewEndpointIsolation" name="test_interview_answers_other_user_404" time="0.100" /><testcase classname="tests.test_backend_refactor.TestNewEndpointIsolation" name="test_reply_other_user_404" time="0.104" /></testsuite></testsuites>